<?xml version="1.0" encoding="UTF-8"?>
<!-- Generated by org.testng.reporters.JUnitReportReporter -->
<testsuite skipped="0" hostname="SEZT1FF266MANGO" name="com.employeeapi.testcases.TC004_Put_Employee_Record" tests="7" failures="0" timestamp="24 Sep 2020 12:41:28 GMT" time="0.003" errors="0">
  <testcase name="checkServerType" time="0.000" classname="com.employeeapi.testcases.TC004_Put_Employee_Record"/>
  <testcase name="checkResponseTime" time="0.000" classname="com.employeeapi.testcases.TC004_Put_Employee_Record"/>
  <testcase name="checkContentType" time="0.001" classname="com.employeeapi.testcases.TC004_Put_Employee_Record"/>
  <testcase name="checkStatusLine" time="0.001" classname="com.employeeapi.testcases.TC004_Put_Employee_Record"/>
  <testcase name="checkStatusCode" time="0.000" classname="com.employeeapi.testcases.TC004_Put_Employee_Record"/>
  <testcase name="checkResponseBody" time="0.000" classname="com.employeeapi.testcases.TC004_Put_Employee_Record"/>
  <testcase name="checkContentLength" time="0.001" classname="com.employeeapi.testcases.TC004_Put_Employee_Record"/>
</testsuite> <!-- com.employeeapi.testcases.TC004_Put_Employee_Record -->
